<?xml version="1.0" encoding="UTF-8"?>
<!-- Generated by org.testng.reporters.JUnitXMLReporter -->
<testsuite ignored="1" hostname="DESKTOP-4HJSG2K" failures="0" tests="1" name="Default test" time="23.753" errors="0" timestamp="2025-01-08T11:34:06 IST">
  <testcase classname="testcases.TableNameTest" name="printSingleData" time="1.537"/>
  <testcase classname="testcases.TableNameTest" name="printAllNames" time="0.0">
    <ignored/>
  </testcase> <!-- printAllNames -->
</testsuite> <!-- Default test -->
