<?xml version="1.0" encoding="UTF-8"?>
<testng-results ignored="1" total="2" passed="1" failed="0" skipped="0">
  <reporter-output>
  </reporter-output>
  <suite started-at="2025-01-08T11:33:42 IST" name="Default suite" finished-at="2025-01-08T11:34:06 IST" duration-ms="23753">
    <groups>
    </groups>
    <test started-at="2025-01-08T11:33:42 IST" name="Default test" finished-at="2025-01-08T11:34:06 IST" duration-ms="23753">
      <class name="testcases.TableNameTest">
        <test-method is-config="true" signature="launchObsqureaBrowser()[pri:0, instance:testcases.TableNameTest@470734c3]" started-at="2025-01-08T11:33:42 IST" name="launchObsqureaBrowser" finished-at="2025-01-08T11:34:04 IST" duration-ms="22100" status="PASS">
          <reporter-output>
          </reporter-output>
        </test-method> <!-- launchObsqureaBrowser -->
        <test-method signature="printSingleData()[pri:0, instance:testcases.TableNameTest@470734c3]" started-at="2025-01-08T11:34:04 IST" name="printSingleData" finished-at="2025-01-08T11:34:06 IST" duration-ms="1537" status="PASS">
          <reporter-output>
          </reporter-output>
        </test-method> <!-- printSingleData -->
      </class> <!-- testcases.TableNameTest -->
    </test> <!-- Default test -->
  </suite> <!-- Default suite -->
</testng-results>
